{
  "RSpec": {
    "coverage": {
      "/home/jessiortega/tic-tac-toe-rb-online-web-sp-000/lib/tic_tac_toe.rb": [
        null,
        1,
        null,
        null,
        null,
        null,
        null,
        null,
        null,
        null,
        null,
        1,
        5,
        5,
        5,
        5,
        5,
        null,
        null,
        1,
        11,
        null,
        null,
        1,
        3,
        null,
        null,
        1,
        6,
        6,
        3,
        null,
        3,
        null,
        null,
        null,
        1,
        3,
        1,
        null,
        2,
        null,
        null,
        null,
        1,
        8,
        8,
        8,
        8,
        0,
        null,
        0,
        null,
        null,
        null,
        1,
        2,
        2,
        18,
        5,
        null,
        null,
        2,
        null,
        null,
        1,
        1,
        1,
        null,
        0,
        null,
        1,
        null,
        null,
        1,
        40,
        178,
        40,
        250,
        10,
        943,
        21,
        null,
        null,
        30,
        null,
        null,
        1,
        121,
        null,
        null,
        1,
        10,
        4,
        6,
        6,
        null,
        null,
        null,
        1,
        11,
        7,
        null,
        4,
        null,
        null,
        null,
        1,
        8,
        5,
        null,
        null,
        null,
        1,
        12,
        6,
        null,
        6,
        4,
        2,
        2,
        null,
        null,
        null,
        null
      ]
    },
    "timestamp": 1561137986
  }
}
