{
  "RSpec": {
    "coverage": {
      "/home/jessiortega/tic-tac-toe-rb-online-web-sp-000/lib/tic_tac_toe.rb": [
        null,
        1,
        null,
        null,
        null,
        null,
        null,
        null,
        null,
        null,
        null,
        1,
        5,
        5,
        5,
        5,
        5,
        null,
        null,
        1,
        13,
        null,
        null,
        1,
        3,
        null,
        null,
        1,
        15,
        15,
        12,
        null,
        3,
        null,
        null,
        null,
        1,
        13,
        10,
        null,
        3,
        null,
        null,
        null,
        1,
        13,
        13,
        10,
        10,
        9,
        0,
        null,
        1,
        null,
        null,
        null,
        1,
        2,
        2,
        18,
        5,
        null,
        null,
        2,
        null,
        null,
        1,
        1,
        1,
        null,
        0,
        null,
        1,
        null,
        null,
        1,
        17,
        34,
        17,
        136,
        0,
        545,
        12,
        null,
        null,
        17,
        null,
        null,
        1,
        59,
        null,
        null,
        1,
        6,
        2,
        4,
        4,
        null,
        null,
        null,
        1,
        3,
        2,
        null,
        1,
        null,
        null,
        null,
        1,
        3,
        2,
        null,
        null,
        null,
        1,
        12,
        12,
        12,
        12,
        null,
        null
      ]
    },
    "timestamp": 1561135495
  }
}
